mode: atomic
github.com/ethpandaops/lab/backend/pkg/internal/lab/locker/mock/cache.go:17.66,21.2 1 0
github.com/ethpandaops/lab/backend/pkg/internal/lab/locker/mock/cache.go:24.86,26.2 1 0
github.com/ethpandaops/lab/backend/pkg/internal/lab/locker/mock/cache.go:29.43,31.2 1 0
github.com/ethpandaops/lab/backend/pkg/internal/lab/locker/mock/cache.go:42.40,46.2 1 0
github.com/ethpandaops/lab/backend/pkg/internal/lab/locker/mock/cache.go:49.64,53.2 2 0
github.com/ethpandaops/lab/backend/pkg/internal/lab/locker/mock/cache.go:56.64,60.2 2 0
github.com/ethpandaops/lab/backend/pkg/internal/lab/locker/mock/cache.go:63.67,67.2 2 0
github.com/ethpandaops/lab/backend/pkg/internal/lab/locker/mock/cache.go:70.57,71.21 1 0
github.com/ethpandaops/lab/backend/pkg/internal/lab/locker/mock/cache.go:71.21,73.3 1 0
github.com/ethpandaops/lab/backend/pkg/internal/lab/locker/mock/cache.go:75.2,76.13 2 0
github.com/ethpandaops/lab/backend/pkg/internal/lab/locker/mock/cache.go:76.13,78.3 1 0
github.com/ethpandaops/lab/backend/pkg/internal/lab/locker/mock/cache.go:80.2,80.19 1 0
github.com/ethpandaops/lab/backend/pkg/internal/lab/locker/mock/cache.go:84.56,86.2 1 0
github.com/ethpandaops/lab/backend/pkg/internal/lab/locker/mock/cache.go:89.80,90.21 1 0
github.com/ethpandaops/lab/backend/pkg/internal/lab/locker/mock/cache.go:90.21,92.3 1 0
github.com/ethpandaops/lab/backend/pkg/internal/lab/locker/mock/cache.go:94.2,96.12 2 0
github.com/ethpandaops/lab/backend/pkg/internal/lab/locker/mock/cache.go:100.50,101.24 1 0
github.com/ethpandaops/lab/backend/pkg/internal/lab/locker/mock/cache.go:101.24,103.3 1 0
github.com/ethpandaops/lab/backend/pkg/internal/lab/locker/mock/cache.go:105.2,107.12 2 0
github.com/ethpandaops/lab/backend/pkg/internal/lab/locker/mock/cache.go:111.38,113.2 1 0
github.com/ethpandaops/lab/backend/pkg/internal/lab/locker/locker.go:57.87,67.2 3 7
github.com/ethpandaops/lab/backend/pkg/internal/lab/locker/locker.go:70.32,82.16 4 7
github.com/ethpandaops/lab/backend/pkg/internal/lab/locker/locker.go:82.16,84.3 1 0
github.com/ethpandaops/lab/backend/pkg/internal/lab/locker/locker.go:86.2,92.16 2 7
github.com/ethpandaops/lab/backend/pkg/internal/lab/locker/locker.go:92.16,94.3 1 0
github.com/ethpandaops/lab/backend/pkg/internal/lab/locker/locker.go:96.2,101.16 2 7
github.com/ethpandaops/lab/backend/pkg/internal/lab/locker/locker.go:101.16,103.3 1 0
github.com/ethpandaops/lab/backend/pkg/internal/lab/locker/locker.go:105.2,110.16 2 7
github.com/ethpandaops/lab/backend/pkg/internal/lab/locker/locker.go:110.16,112.3 1 0
github.com/ethpandaops/lab/backend/pkg/internal/lab/locker/locker.go:115.2,121.16 2 7
github.com/ethpandaops/lab/backend/pkg/internal/lab/locker/locker.go:121.16,123.3 1 0
github.com/ethpandaops/lab/backend/pkg/internal/lab/locker/locker.go:127.77,135.15 4 44
github.com/ethpandaops/lab/backend/pkg/internal/lab/locker/locker.go:135.15,141.15 4 44
github.com/ethpandaops/lab/backend/pkg/internal/lab/locker/locker.go:141.15,143.4 1 25
github.com/ethpandaops/lab/backend/pkg/internal/lab/locker/locker.go:146.2,151.16 4 44
github.com/ethpandaops/lab/backend/pkg/internal/lab/locker/locker.go:151.16,157.3 3 0
github.com/ethpandaops/lab/backend/pkg/internal/lab/locker/locker.go:160.2,167.16 4 44
github.com/ethpandaops/lab/backend/pkg/internal/lab/locker/locker.go:167.16,177.3 4 19
github.com/ethpandaops/lab/backend/pkg/internal/lab/locker/locker.go:177.8,177.38 1 25
github.com/ethpandaops/lab/backend/pkg/internal/lab/locker/locker.go:177.38,184.3 3 0
github.com/ethpandaops/lab/backend/pkg/internal/lab/locker/locker.go:187.2,188.16 2 25
github.com/ethpandaops/lab/backend/pkg/internal/lab/locker/locker.go:188.16,194.3 3 0
github.com/ethpandaops/lab/backend/pkg/internal/lab/locker/locker.go:197.2,200.16 3 25
github.com/ethpandaops/lab/backend/pkg/internal/lab/locker/locker.go:200.16,202.3 1 0
github.com/ethpandaops/lab/backend/pkg/internal/lab/locker/locker.go:204.2,208.25 3 25
github.com/ethpandaops/lab/backend/pkg/internal/lab/locker/locker.go:212.66,220.15 4 20
github.com/ethpandaops/lab/backend/pkg/internal/lab/locker/locker.go:220.15,226.15 4 20
github.com/ethpandaops/lab/backend/pkg/internal/lab/locker/locker.go:226.15,228.4 1 12
github.com/ethpandaops/lab/backend/pkg/internal/lab/locker/locker.go:231.2,239.16 6 20
github.com/ethpandaops/lab/backend/pkg/internal/lab/locker/locker.go:239.16,240.32 1 1
github.com/ethpandaops/lab/backend/pkg/internal/lab/locker/locker.go:240.32,247.4 3 1
github.com/ethpandaops/lab/backend/pkg/internal/lab/locker/locker.go:249.3,253.20 3 0
github.com/ethpandaops/lab/backend/pkg/internal/lab/locker/locker.go:257.2,257.27 1 19
github.com/ethpandaops/lab/backend/pkg/internal/lab/locker/locker.go:257.27,263.3 3 7
github.com/ethpandaops/lab/backend/pkg/internal/lab/locker/locker.go:266.2,267.16 2 12
github.com/ethpandaops/lab/backend/pkg/internal/lab/locker/locker.go:267.16,270.17 2 12
github.com/ethpandaops/lab/backend/pkg/internal/lab/locker/locker.go:270.17,274.4 2 12
github.com/ethpandaops/lab/backend/pkg/internal/lab/locker/locker.go:278.2,279.16 2 12
github.com/ethpandaops/lab/backend/pkg/internal/lab/locker/locker.go:279.16,285.3 3 0
github.com/ethpandaops/lab/backend/pkg/internal/lab/locker/locker.go:288.2,294.18 4 12
github.com/ethpandaops/lab/backend/pkg/internal/lab/locker/mock/cache.go:17.66,21.2 1 0
github.com/ethpandaops/lab/backend/pkg/internal/lab/locker/mock/cache.go:24.86,26.2 1 0
github.com/ethpandaops/lab/backend/pkg/internal/lab/locker/mock/cache.go:29.43,31.2 1 0
github.com/ethpandaops/lab/backend/pkg/internal/lab/locker/mock/cache.go:42.40,46.2 1 0
github.com/ethpandaops/lab/backend/pkg/internal/lab/locker/mock/cache.go:49.64,53.2 2 0
github.com/ethpandaops/lab/backend/pkg/internal/lab/locker/mock/cache.go:56.64,60.2 2 0
github.com/ethpandaops/lab/backend/pkg/internal/lab/locker/mock/cache.go:63.67,67.2 2 0
github.com/ethpandaops/lab/backend/pkg/internal/lab/locker/mock/cache.go:70.57,71.21 1 0
github.com/ethpandaops/lab/backend/pkg/internal/lab/locker/mock/cache.go:71.21,73.3 1 0
github.com/ethpandaops/lab/backend/pkg/internal/lab/locker/mock/cache.go:75.2,76.13 2 0
github.com/ethpandaops/lab/backend/pkg/internal/lab/locker/mock/cache.go:76.13,78.3 1 0
github.com/ethpandaops/lab/backend/pkg/internal/lab/locker/mock/cache.go:80.2,80.19 1 0
github.com/ethpandaops/lab/backend/pkg/internal/lab/locker/mock/cache.go:84.56,86.2 1 0
github.com/ethpandaops/lab/backend/pkg/internal/lab/locker/mock/cache.go:89.80,90.21 1 0
github.com/ethpandaops/lab/backend/pkg/internal/lab/locker/mock/cache.go:90.21,92.3 1 0
github.com/ethpandaops/lab/backend/pkg/internal/lab/locker/mock/cache.go:94.2,96.12 2 0
github.com/ethpandaops/lab/backend/pkg/internal/lab/locker/mock/cache.go:100.50,101.24 1 0
github.com/ethpandaops/lab/backend/pkg/internal/lab/locker/mock/cache.go:101.24,103.3 1 0
github.com/ethpandaops/lab/backend/pkg/internal/lab/locker/mock/cache.go:105.2,107.12 2 0
github.com/ethpandaops/lab/backend/pkg/internal/lab/locker/mock/cache.go:111.38,113.2 1 0
